<?xml version="1.0" encoding="UTF-8"?>
<!-- Generated by org.testng.reporters.JUnitReportReporter -->
<testsuite hostname="JP" failures="0" tests="2" name="Ecommerce.Test.AddToKart" time="14.760" errors="0" timestamp="2024-11-09T13:41:30 IST" skipped="0">
  <testcase classname="Ecommerce.Test.AddToKart" name="ordersPageValidation" time="4.109"/>
  <system-out/>
  <testcase classname="Ecommerce.Test.AddToKart" name="submitOrder" time="10.651"/>
  <system-out/>
</testsuite> <!-- Ecommerce.Test.AddToKart -->
