<?xml version="1.0" encoding="UTF-8"?>
<!-- Generated by org.testng.reporters.JUnitReportReporter -->
<testsuite hostname="JP" failures="0" tests="1" name="Ecommerce.Test.Day1" time="10.742" errors="0" timestamp="2024-11-09T13:41:30 IST" skipped="0">
  <testcase classname="Ecommerce.Test.Day1" name="hoepage" time="10.742"/>
  <system-out/>
</testsuite> <!-- Ecommerce.Test.Day1 -->
