<?xml version="1.0" encoding="UTF-8"?>
<!-- Generated by org.testng.reporters.JUnitReportReporter -->
<testsuite hostname="JP" failures="0" tests="2" name="Ecommerce.Test.ErrorValidation" time="11.517" errors="0" timestamp="2024-11-09T13:41:30 IST" skipped="0">
  <testcase classname="Ecommerce.Test.ErrorValidation" name="productErrorValidation" time="6.245"/>
  <system-out/>
  <testcase classname="Ecommerce.Test.ErrorValidation" name="LoginErrorValidation" time="5.272"/>
  <system-out/>
</testsuite> <!-- Ecommerce.Test.ErrorValidation -->
